Results of Simulation 1

Time	Ccpt_out	Ctot_out	Qu_out	Qu_tot_out
0	1e-015	1e-015	1e-015	1e-015
0.1	1.17324	2.34648	790.249	804.337
0.2	1.88373	3.76746	2738.32	2836.79
0.3	2.27949	4.55898	5364.31	5655.57
0.4	2.46378	4.92756	8343.52	8950.39
0.5	2.50836	5.01673	11459.5	12504.3
0.6	2.46292	4.92585	14570.6	16166.7
0.7	2.36169	4.72337	17587.1	19833.5
0.8	2.22788	4.45576	20455.3	23435
0.9	2.07742	4.15484	23144.6	26924.1
1	1.92079	3.84157	25641.3	30271
1.1	1.7649	3.52981	27942.1	33457.5
1.2	1.61403	3.22806	30051.1	36474.5
1.3	1.47078	2.94155	31976.2	39318.2
1.4	1.33657	2.67314	33728	41989.2
1.5	1.21206	2.42411	35318.2	44490.6
1.6	1.09735	2.19471	36759.1	46827.9
1.7	0.992258	1.98452	38062.8	49007.3
1.8	0.89635	1.7927	39241	51036.1
1.9	0.809097	1.61819	40304.9	52921.9
2	0.729904	1.45981	41265	54672.6
2.1	0.658158	1.31632	42130.9	56296.1
2.2	0.59325	1.1865	42911.5	57799.9
2.3	0.534593	1.06919	43615.1	59191.7
2.4	0.481629	0.963258	44249	60478.8
2.5	0.433837	0.867675	44820.1	61668
2.6	0.390735	0.781471	45334.4	62766
2.7	0.351878	0.703757	45797.6	63779.2
2.8	0.316859	0.633718	46214.8	64713.5
2.9	0.285307	0.570614	46590.4	65574.5
3	0.256883	0.513766	46928.6	66367.6
3.1	0.231282	0.462564	47233.1	67097.7
3.2	0.208226	0.416452	47507.3	67769.5
3.3	0.187464	0.374928	47754.1	68387.3
3.4	0.168769	0.337537	47976.3	68955.3
3.5	0.151935	0.303871	48176.4	69477.2
3.6	0.13678	0.273559	48356.5	69956.5
3.7	0.123135	0.246269	48518.6	70396.6
3.8	0.11085	0.2217	48664.5	70800.5
3.9	0.0997902	0.19958	48795.9	71171.1
4	0.0898337	0.179667	48914.2	71510.9
4.1	0.0808702	0.16174	49020.7	71822.5
4.2	0.072801	0.145602	49116.6	72108
4.3	0.0655367	0.131073	49202.8	72369.7
4.4	0.0589971	0.117994	49280.5	72609.3
4.5	0.05311	0.10622	49350.5	72828.7
4.6	0.0478104	0.0956208	49413.4	73029.6
4.7	0.0430395	0.086079	49470.1	73213.4
4.8	0.0387447	0.0774894	49521.1	73381.5
4.9	0.0348784	0.0697569	49567	73535.3
5	0.031398	0.062796	49608.4	73676
5.1	0.0282648	0.0565296	49645.6	73804.6
5.2	0.0254443	0.0508886	49679.1	73922.1
5.3	0.0229053	0.0458105	49709.2	74029.5
5.4	0.0206195	0.0412391	49736.4	74127.6
5.5	0.0185619	0.0371239	49760.8	74217.3
5.6	0.0167097	0.0334193	49782.8	74299.1
5.7	0.0150422	0.0300844	49802.6	74373.8
5.8	0.0135412	0.0270823	49820.5	74442
5.9	0.0121899	0.0243798	49836.5	74504.3
6	0.0109735	0.021947	49851	74561.1
6.1	0.00987848	0.019757	49864	74612.9
6.2	0.00889272	0.0177854	49875.7	74660.2
6.3	0.00800535	0.0160107	49886.2	74703.3
6.4	0.00720651	0.014413	49895.7	74742.6
6.5	0.00648739	0.0129748	49904.3	74778.4
6.6	0.00584004	0.0116801	49911.9	74811.1
6.7	0.00525727	0.0105145	49918.9	74840.9
6.8	0.00473265	0.0094653	49925.1	74868
6.9	0.00426039	0.00852077	49930.7	74892.8
7	0.00383525	0.00767049	49935.8	74915.3
7.1	0.00345254	0.00690508	49940.3	74935.8
7.2	0.00310802	0.00621604	49944.4	74954.5
7.3	0.00279788	0.00559576	49948.1	74971.5
7.4	0.0025187	0.00503739	49951.4	74987
7.5	0.00226736	0.00453471	49954.4	75001.1
7.6	0.0020411	0.0040822	49957.1	75013.9
7.7	0.00183742	0.00367483	49959.5	75025.6
7.8	0.00165394	0.00330788	49961.7	75036.3
7.9	0.00148881	0.00297762	49963.6	75046
8	0.00134021	0.00268043	49965.4	75054.8
8.1	0.00120649	0.00241298	49967	75062.8
8.2	0.00108609	0.00217219	49968.4	75070.1
8.3	0.000977718	0.00195544	49969.7	75076.7
8.4	0.000880152	0.0017603	49970.9	75082.7
8.5	0.000792322	0.00158464	49971.9	75088.2
8.6	0.000713257	0.00142651	49972.8	75093.2
8.7	0.000642081	0.00128416	49973.7	75097.7
8.8	0.000578008	0.00115602	49974.4	75101.8
8.9	0.000520328	0.00104066	49975.1	75105.6
9	0.000468405	0.00093681	49975.7	75109
9.1	0.000421663	0.000843325	49976.3	75112.1
9.2	0.000379585	0.00075917	49976.8	75114.9
9.3	0.000341706	0.000683412	49977.3	75117.4
9.4	0.000307607	0.000615215	49977.7	75119.8
9.5	0.000276911	0.000553822	49978	75121.9
9.6	0.000249278	0.000498556	49978.4	75123.8
9.7	0.000224403	0.000448805	49978.6	75125.5
9.8	0.00020201	0.000404019	49978.9	75127.1
9.9	0.000181851	0.000363702	49979.2	75128.5
10	0.000163704	0.000327408	49979.4	75129.8
10.1	0.000147368	0.000294736	49979.6	75131
10.2	0.000132662	0.000265325	49979.7	75132.1
10.3	0.000119424	0.000238848	49979.9	75133.1
10.4	0.000107507	0.000215013	49980	75134
10.5	9.67786e-005	0.000193557	49980.2	75134.8
10.6	8.71211e-005	0.000174242	49980.3	75135.5
10.7	7.84273e-005	0.000156855	49980.4	75136.2
10.8	7.0601e-005	0.000141202	49980.5	75136.8
10.9	6.35558e-005	0.000127112	49980.6	75137.3
11	5.72139e-005	0.000114428	49980.6	75137.8
11.1	5.15045e-005	0.000103009	49980.7	75138.3
11.2	4.63649e-005	9.27299e-005	49980.8	75138.7
11.3	4.17382e-005	8.34764e-005	49980.8	75139
11.4	3.75731e-005	7.51463e-005	49980.9	75139.4
11.5	3.38237e-005	6.76474e-005	49980.9	75139.7
11.6	3.04484e-005	6.08969e-005	49981	75140
11.7	2.741e-005	5.482e-005	49981	75140.2
11.8	2.46748e-005	4.93495e-005	49981	75140.4
11.9	2.22125e-005	4.44249e-005	49981	75140.6
12	1.99959e-005	3.99918e-005	49981.1	75140.8
12.1	1.80005e-005	3.6001e-005	49981.1	75141
12.2	1.62042e-005	3.24084e-005	49981.1	75141.1
12.3	1.45872e-005	2.91744e-005	49981.1	75141.3
12.4	1.31315e-005	2.62631e-005	49981.2	75141.4
12.5	1.18212e-005	2.36423e-005	49981.2	75141.5
12.6	1.06416e-005	2.12831e-005	49981.2	75141.6
12.7	9.57965e-006	1.91593e-005	49981.2	75141.7
12.8	8.62376e-006	1.72475e-005	49981.2	75141.8
12.9	7.7632e-006	1.55264e-005	49981.2	75141.9
13	6.98851e-006	1.3977e-005	49981.2	75142
13.1	6.29113e-006	1.25823e-005	49981.2	75142
13.2	5.66334e-006	1.13267e-005	49981.2	75142.1
13.3	5.09822e-006	1.01964e-005	49981.3	75142.1
13.4	4.58947e-006	9.17894e-006	49981.3	75142.2
13.5	4.13149e-006	8.26298e-006	49981.3	75142.2
13.6	3.71921e-006	7.43842e-006	49981.3	75142.3
13.7	3.34807e-006	6.69615e-006	49981.3	75142.3
13.8	3.01397e-006	6.02794e-006	49981.3	75142.3
13.9	2.71321e-006	5.42643e-006	49981.3	75142.4
14	2.44248e-006	4.88495e-006	49981.3	75142.4
14.1	2.19874e-006	4.39749e-006	49981.3	75142.4
14.2	1.97933e-006	3.95867e-006	49981.3	75142.4
14.3	1.78182e-006	3.56364e-006	49981.3	75142.5
14.4	1.60402e-006	3.20804e-006	49981.3	75142.5
14.5	1.44396e-006	2.88791e-006	49981.3	75142.5
14.6	1.29987e-006	2.59974e-006	49981.3	75142.5
14.7	1.17016e-006	2.34032e-006	49981.3	75142.5
14.8	1.05339e-006	2.10678e-006	49981.3	75142.5
14.9	9.48272e-007	1.89654e-006	49981.3	75142.5
15	8.53644e-007	1.70729e-006	49981.3	75142.5
15.1	7.68459e-007	1.53692e-006	49981.3	75142.6
15.2	6.91775e-007	1.38355e-006	49981.3	75142.6
15.3	6.22742e-007	1.24548e-006	49981.3	75142.6
15.4	5.60599e-007	1.1212e-006	49981.3	75142.6
15.5	5.04657e-007	1.00931e-006	49981.3	75142.6
15.6	4.54298e-007	9.08597e-007	49981.3	75142.6
15.7	4.08967e-007	8.17935e-007	49981.3	75142.6
15.8	3.68157e-007	7.36313e-007	49981.3	75142.6
15.9	3.31419e-007	6.62837e-007	49981.3	75142.6
16	2.98346e-007	5.96693e-007	49981.3	75142.6
16.1	2.68575e-007	5.37151e-007	49981.3	75142.6
16.2	2.41775e-007	4.8355e-007	49981.3	75142.6
16.3	2.17646e-007	4.35292e-007	49981.3	75142.6
16.4	1.95928e-007	3.91856e-007	49981.3	75142.6
16.5	1.76376e-007	3.52753e-007	49981.3	75142.6
16.6	1.58776e-007	3.17552e-007	49981.3	75142.6
16.7	1.42932e-007	2.85863e-007	49981.3	75142.6
16.8	1.28669e-007	2.57337e-007	49981.3	75142.6
16.9	1.15829e-007	2.31657e-007	49981.3	75142.6
17	1.0427e-007	2.0854e-007	49981.3	75142.6
17.1	9.38652e-008	1.8773e-007	49981.3	75142.6
17.2	8.44984e-008	1.68997e-007	49981.3	75142.6
17.3	7.60664e-008	1.52133e-007	49981.3	75142.6
17.4	6.8476e-008	1.36952e-007	49981.3	75142.6
17.5	6.16429e-008	1.23286e-007	49981.3	75142.6
17.6	5.54917e-008	1.10983e-007	49981.3	75142.6
17.7	4.99545e-008	9.9909e-008	49981.3	75142.6
17.8	4.49696e-008	8.99392e-008	49981.3	75142.6
17.9	4.04821e-008	8.09642e-008	49981.3	75142.6
18	3.64424e-008	7.28848e-008	49981.3	75142.6
18.1	3.28058e-008	6.56116e-008	49981.3	75142.6
18.2	2.95321e-008	5.90643e-008	49981.3	75142.6
18.3	2.65851e-008	5.31703e-008	49981.3	75142.6
18.4	2.39323e-008	4.78646e-008	49981.3	75142.6
18.5	2.15442e-008	4.30883e-008	49981.3	75142.6
18.6	1.93943e-008	3.87886e-008	49981.3	75142.6
18.7	1.74591e-008	3.49182e-008	49981.3	75142.6
18.8	1.57168e-008	3.14337e-008	49981.3	75142.6
18.9	1.41485e-008	2.82969e-008	49981.3	75142.6
19	1.27366e-008	2.54732e-008	49981.3	75142.6
19.1	1.14656e-008	2.29312e-008	49981.3	75142.6
19.2	1.03215e-008	2.06429e-008	49981.3	75142.6
19.3	9.2915e-009	1.8583e-008	49981.3	75142.6
19.4	8.3643e-009	1.67286e-008	49981.3	75142.6
19.5	7.52963e-009	1.50593e-008	49981.3	75142.6
19.6	6.77824e-009	1.35565e-008	49981.3	75142.6
19.7	6.10185e-009	1.22037e-008	49981.3	75142.6
19.8	5.49296e-009	1.09859e-008	49981.3	75142.6
19.9	4.94484e-009	9.88968e-009	49981.3	75142.6
20	4.4514e-009	8.9028e-009	49981.3	75142.6
20.1	4.0072e-009	8.01439e-009	49981.3	75142.6
20.2	3.60732e-009	7.21464e-009	49981.3	75142.6
20.3	3.24735e-009	6.49471e-009	49981.3	75142.6
20.4	2.9233e-009	5.84661e-009	49981.3	75142.6
20.5	2.63159e-009	5.26318e-009	49981.3	75142.6
20.6	2.36898e-009	4.73797e-009	49981.3	75142.6
20.7	2.13258e-009	4.26517e-009	49981.3	75142.6
20.8	1.91977e-009	3.83955e-009	49981.3	75142.6
20.9	1.72821e-009	3.45642e-009	49981.3	75142.6
21	1.55575e-009	3.1115e-009	49981.3	75142.6
21.1	1.4005e-009	2.80101e-009	49981.3	75142.6
21.2	1.26075e-009	2.5215e-009	49981.3	75142.6
21.3	1.13494e-009	2.26988e-009	49981.3	75142.6
21.4	1.02169e-009	2.04338e-009	49981.3	75142.6
21.5	9.19739e-010	1.83948e-009	49981.3	75142.6
21.6	8.27959e-010	1.65592e-009	49981.3	75142.6
21.7	7.45338e-010	1.49068e-009	49981.3	75142.6
21.8	6.70964e-010	1.34193e-009	49981.3	75142.6
21.9	6.0401e-010	1.20802e-009	49981.3	75142.6
22	5.43736e-010	1.08747e-009	49981.3	75142.6
22.1	4.89477e-010	9.78954e-010	49981.3	75142.6
22.2	4.40632e-010	8.81265e-010	49981.3	75142.6
22.3	3.96662e-010	7.93323e-010	49981.3	75142.6
22.4	3.57079e-010	7.14158e-010	49981.3	75142.6
22.5	3.21447e-010	6.42895e-010	49981.3	75142.6
22.6	2.89371e-010	5.78741e-010	49981.3	75142.6
22.7	2.60495e-010	5.2099e-010	49981.3	75142.6
22.8	2.34501e-010	4.69002e-010	49981.3	75142.6
22.9	2.11101e-010	4.22201e-010	49981.3	75142.6
23	1.90035e-010	3.8007e-010	49981.3	75142.6
23.1	1.71072e-010	3.42143e-010	49981.3	75142.6
23.2	1.54001e-010	3.08001e-010	49981.3	75142.6
23.3	1.38633e-010	2.77267e-010	49981.3	75142.6
23.4	1.248e-010	2.49599e-010	49981.3	75142.6
23.5	1.12341e-010	2.24683e-010	49981.3	75142.6
23.6	1.01126e-010	2.02252e-010	49981.3	75142.6
23.7	9.10339e-011	1.82068e-010	49981.3	75142.6
23.8	8.1946e-011	1.63892e-010	49981.3	75142.6
23.9	7.37648e-011	1.4753e-010	49981.3	75142.6
24	6.63975e-011	1.32795e-010	49981.3	75142.6
24.1	5.97663e-011	1.19533e-010	49981.3	75142.6
24.2	5.38006e-011	1.07601e-010	49981.3	75142.6
24.3	4.84295e-011	9.6859e-011	49981.3	75142.6
24.4	4.35927e-011	8.71854e-011	49981.3	75142.6
24.5	3.92417e-011	7.84835e-011	49981.3	75142.6
24.6	3.5323e-011	7.0646e-011	49981.3	75142.6
24.7	3.17955e-011	6.3591e-011	49981.3	75142.6
24.8	2.86188e-011	5.72376e-011	49981.3	75142.6
24.9	2.57617e-011	5.15234e-011	49981.3	75142.6
25	2.31899e-011	4.63798e-011	49981.3	75142.6
25.1	2.08758e-011	4.17516e-011	49981.3	75142.6
25.2	1.87918e-011	3.75836e-011	49981.3	75142.6
25.3	1.69153e-011	3.38306e-011	49981.3	75142.6
25.4	1.52257e-011	3.04514e-011	49981.3	75142.6
25.5	1.37368e-011	2.74735e-011	49981.3	75142.6
25.6	1.24017e-011	2.48034e-011	49981.3	75142.6
25.7	1.11964e-011	2.23927e-011	49981.3	75142.6
25.8	1.01082e-011	2.02163e-011	49981.3	75142.6
25.9	9.12575e-012	1.82515e-011	49981.3	75142.6
26	8.23881e-012	1.64776e-011	49981.3	75142.6
26.1	7.43807e-012	1.48761e-011	49981.3	75142.6
26.2	6.71516e-012	1.34303e-011	49981.3	75142.6
26.3	6.06251e-012	1.2125e-011	49981.3	75142.6
26.4	5.47329e-012	1.09466e-011	49981.3	75142.6
26.5	4.94133e-012	9.88267e-012	49981.3	75142.6
26.6	4.46108e-012	8.92216e-012	49981.3	75142.6
26.7	4.0275e-012	8.05501e-012	49981.3	75142.6
26.8	3.63607e-012	7.27214e-012	49981.3	75142.6
26.9	3.28268e-012	6.56535e-012	49981.3	75142.6
27	2.96363e-012	5.92726e-012	49981.3	75142.6
27.1	2.67559e-012	5.35118e-012	49981.3	75142.6
27.2	2.41555e-012	4.8311e-012	49981.3	75142.6
27.3	2.18078e-012	4.36156e-012	49981.3	75142.6
27.4	1.96883e-012	3.93766e-012	49981.3	75142.6
27.5	1.77748e-012	3.55495e-012	49981.3	75142.6
27.6	1.60472e-012	3.20944e-012	49981.3	75142.6
27.7	1.44876e-012	2.89751e-012	49981.3	75142.6
27.8	1.30795e-012	2.6159e-012	49981.3	75142.6
27.9	1.18083e-012	2.36166e-012	49981.3	75142.6
28	1.06606e-012	2.13213e-012	49981.3	75142.6
28.1	9.62452e-013	1.9249e-012	49981.3	75142.6
28.2	8.68911e-013	1.73782e-012	49981.3	75142.6
28.3	7.84461e-013	1.56892e-012	49981.3	75142.6
28.4	7.08218e-013	1.41644e-012	49981.3	75142.6
28.5	6.39386e-013	1.27877e-012	49981.3	75142.6
28.6	5.77243e-013	1.15449e-012	49981.3	75142.6
28.7	5.21141e-013	1.04228e-012	49981.3	75142.6
28.8	4.70491e-013	9.40981e-013	49981.3	75142.6
28.9	4.24763e-013	8.49526e-013	49981.3	75142.6
29	3.8348e-013	7.6696e-013	49981.3	75142.6
29.1	3.46209e-013	6.92419e-013	49981.3	75142.6
29.2	3.12561e-013	6.25122e-013	49981.3	75142.6
29.3	2.82183e-013	5.64366e-013	49981.3	75142.6
29.4	2.54757e-013	5.09514e-013	49981.3	75142.6
29.5	2.29997e-013	4.59994e-013	49981.3	75142.6
29.6	2.07644e-013	4.15287e-013	49981.3	75142.6
29.7	1.87462e-013	3.74925e-013	49981.3	75142.6
29.8	1.69243e-013	3.38486e-013	49981.3	75142.6
29.9	1.52794e-013	3.05588e-013	49981.3	75142.6
30	1.37944e-013	2.75888e-013	49981.3	75142.6
30.1	1.24537e-013	2.49074e-013	49981.3	75142.6
30.2	1.12433e-013	2.24866e-013	49981.3	75142.6
30.3	1.01506e-013	2.03011e-013	49981.3	75142.6
30.4	9.16402e-014	1.8328e-013	49981.3	75142.6
30.5	8.27336e-014	1.65467e-013	49981.3	75142.6
30.6	7.46926e-014	1.49385e-013	49981.3	75142.6
30.7	6.74332e-014	1.34866e-013	49981.3	75142.6
30.8	6.08793e-014	1.21759e-013	49981.3	75142.6
30.9	5.49624e-014	1.09925e-013	49981.3	75142.6
31	4.96206e-014	9.92411e-014	49981.3	75142.6
31.1	4.47979e-014	8.95958e-014	49981.3	75142.6
31.2	4.04439e-014	8.08879e-014	49981.3	75142.6
31.3	3.65132e-014	7.30263e-014	49981.3	75142.6
31.4	3.29644e-014	6.59288e-014	49981.3	75142.6
31.5	2.97606e-014	5.95211e-014	49981.3	75142.6
31.6	2.68681e-014	5.37362e-014	49981.3	75142.6
31.7	2.42568e-014	4.85136e-014	49981.3	75142.6
31.8	2.18992e-014	4.37985e-014	49981.3	75142.6
31.9	1.97708e-014	3.95417e-014	49981.3	75142.6
32	1.78493e-014	3.56986e-014	49981.3	75142.6
32.1	1.61145e-014	3.2229e-014	49981.3	75142.6
32.2	1.45483e-014	2.90966e-014	49981.3	75142.6
32.3	1.31344e-014	2.62687e-014	49981.3	75142.6
32.4	1.18578e-014	2.37156e-014	49981.3	75142.6
32.5	1.07053e-014	2.14107e-014	49981.3	75142.6
32.6	9.66488e-015	1.93298e-014	49981.3	75142.6
32.7	8.72555e-015	1.74511e-014	49981.3	75142.6
32.8	7.8775e-015	1.5755e-014	49981.3	75142.6
32.9	7.11188e-015	1.42238e-014	49981.3	75142.6
33	6.42067e-015	1.28413e-014	49981.3	75142.6
33.1	5.79664e-015	1.15933e-014	49981.3	75142.6
33.2	5.23326e-015	1.04665e-014	49981.3	75142.6
33.3	4.72464e-015	9.44927e-015	49981.3	75142.6
33.4	4.26544e-015	8.53089e-015	49981.3	75142.6
33.5	3.85088e-015	7.70176e-015	49981.3	75142.6
33.6	3.47661e-015	6.95322e-015	49981.3	75142.6
33.7	3.13872e-015	6.27743e-015	49981.3	75142.6
33.8	2.83366e-015	5.66732e-015	49981.3	75142.6
33.9	2.55826e-015	5.11651e-015	49981.3	75142.6
34	2.30962e-015	4.61923e-015	49981.3	75142.6
34.1	2.08514e-015	4.17029e-015	49981.3	75142.6
34.2	1.88249e-015	3.76497e-015	49981.3	75142.6
34.3	1.69953e-015	3.39905e-015	49981.3	75142.6
34.4	1.53435e-015	3.06869e-015	49981.3	75142.6
34.5	1.38522e-015	2.77045e-015	49981.3	75142.6
34.6	1.25059e-015	2.50118e-015	49981.3	75142.6
34.7	1.12905e-015	2.25809e-015	49981.3	75142.6
34.8	1.01931e-015	2.03863e-015	49981.3	75142.6
34.9	1e-015	1.84049e-015	49981.3	75142.6
35	1e-015	1.66161e-015	49981.3	75142.6
35.1	1e-015	1.50012e-015	49981.3	75142.6
35.2	1e-015	1.35432e-015	49981.3	75142.6
35.3	1e-015	1.22269e-015	49981.3	75142.6
35.4	1e-015	1.10386e-015	49981.3	75142.6
35.5	1e-015	1e-015	49981.3	75142.6
35.6	1e-015	1e-015	49981.3	75142.6
35.7	1e-015	1e-015	49981.3	75142.6
35.8	1e-015	1e-015	49981.3	75142.6
35.9	1e-015	1e-015	49981.3	75142.6
36	1e-015	1e-015	49981.3	75142.6
36.1	1e-015	1e-015	49981.3	75142.6
36.2	1e-015	1e-015	49981.3	75142.6
36.3	1e-015	1e-015	49981.3	75142.6
36.4	1e-015	1e-015	49981.3	75142.6
36.5	1e-015	1e-015	49981.3	75142.6
36.6	1e-015	1e-015	49981.3	75142.6
36.7	1e-015	1e-015	49981.3	75142.6
36.8	1e-015	1e-015	49981.3	75142.6
36.9	1e-015	1e-015	49981.3	75142.6
37	1e-015	1e-015	49981.3	75142.6
37.1	1e-015	1e-015	49981.3	75142.6
37.2	1e-015	1e-015	49981.3	75142.6
37.3	1e-015	1e-015	49981.3	75142.6
37.4	1e-015	1e-015	49981.3	75142.6
37.5	1e-015	1e-015	49981.3	75142.6
37.6	1e-015	1e-015	49981.3	75142.6
37.7	1e-015	1e-015	49981.3	75142.6
37.8	1e-015	1e-015	49981.3	75142.6
37.9	1e-015	1e-015	49981.3	75142.6
38	1e-015	1e-015	49981.3	75142.6
38.1	1e-015	1e-015	49981.3	75142.6
38.2	1e-015	1e-015	49981.3	75142.6
38.3	1e-015	1e-015	49981.3	75142.6
38.4	1e-015	1e-015	49981.3	75142.6
38.5	1e-015	1e-015	49981.3	75142.6
38.6	1e-015	1e-015	49981.3	75142.6
38.7	1e-015	1e-015	49981.3	75142.6
38.8	1e-015	1e-015	49981.3	75142.6
38.9	1e-015	1e-015	49981.3	75142.6
39	1e-015	1e-015	49981.3	75142.6
39.1	1e-015	1e-015	49981.3	75142.6
39.2	1e-015	1e-015	49981.3	75142.6
39.3	1e-015	1e-015	49981.3	75142.6
39.4	1e-015	1e-015	49981.3	75142.6
39.5	1e-015	1e-015	49981.3	75142.6
39.6	1e-015	1e-015	49981.3	75142.6
39.7	1e-015	1e-015	49981.3	75142.6
39.8	1e-015	1e-015	49981.3	75142.6
39.9	1e-015	1e-015	49981.3	75142.6
40	1e-015	1e-015	49981.3	75142.6
40.1	1e-015	1e-015	49981.3	75142.6
40.2	1e-015	1e-015	49981.3	75142.6
40.3	1e-015	1e-015	49981.3	75142.6
40.4	1e-015	1e-015	49981.3	75142.6
40.5	1e-015	1e-015	49981.3	75142.6
40.6	1e-015	1e-015	49981.3	75142.6
40.7	1e-015	1e-015	49981.3	75142.6
40.8	1e-015	1e-015	49981.3	75142.6
40.9	1e-015	1e-015	49981.3	75142.6
41	1e-015	1e-015	49981.3	75142.6
41.1	1e-015	1e-015	49981.3	75142.6
41.2	1e-015	1e-015	49981.3	75142.6
41.3	1e-015	1e-015	49981.3	75142.6
41.4	1e-015	1e-015	49981.3	75142.6
41.5	1e-015	1e-015	49981.3	75142.6
41.6	1e-015	1e-015	49981.3	75142.6
41.7	1e-015	1e-015	49981.3	75142.6
41.8	1e-015	1e-015	49981.3	75142.6
41.9	1e-015	1e-015	49981.3	75142.6
42	1e-015	1e-015	49981.3	75142.6
42.1	1e-015	1e-015	49981.3	75142.6
42.2	1e-015	1e-015	49981.3	75142.6
42.3	1e-015	1e-015	49981.3	75142.6
42.4	1e-015	1e-015	49981.3	75142.6
42.5	1e-015	1e-015	49981.3	75142.6
42.6	1e-015	1e-015	49981.3	75142.6
42.7	1e-015	1e-015	49981.3	75142.6
42.8	1e-015	1e-015	49981.3	75142.6
42.9	1e-015	1e-015	49981.3	75142.6
43	1e-015	1e-015	49981.3	75142.6
43.1	1e-015	1e-015	49981.3	75142.6
43.2	1e-015	1e-015	49981.3	75142.6
43.3	1e-015	1e-015	49981.3	75142.6
43.4	1e-015	1e-015	49981.3	75142.6
43.5	1e-015	1e-015	49981.3	75142.6
43.6	1e-015	1e-015	49981.3	75142.6
43.7	1e-015	1e-015	49981.3	75142.6
43.8	1e-015	1e-015	49981.3	75142.6
43.9	1e-015	1e-015	49981.3	75142.6
44	1e-015	1e-015	49981.3	75142.6
44.1	1e-015	1e-015	49981.3	75142.6
44.2	1e-015	1e-015	49981.3	75142.6
44.3	1e-015	1e-015	49981.3	75142.6
44.4	1e-015	1e-015	49981.3	75142.6
44.5	1e-015	1e-015	49981.3	75142.6
44.6	1e-015	1e-015	49981.3	75142.6
44.7	1e-015	1e-015	49981.3	75142.6
44.8	1e-015	1e-015	49981.3	75142.6
44.9	1e-015	1e-015	49981.3	75142.6
45	1e-015	1e-015	49981.3	75142.6
45.1	1e-015	1e-015	49981.3	75142.6
45.2	1e-015	1e-015	49981.3	75142.6
45.3	1e-015	1e-015	49981.3	75142.6
45.4	1e-015	1e-015	49981.3	75142.6
45.5	1e-015	1e-015	49981.3	75142.6
45.6	1e-015	1e-015	49981.3	75142.6
45.7	1e-015	1e-015	49981.3	75142.6
45.8	1e-015	1e-015	49981.3	75142.6
45.9	1e-015	1e-015	49981.3	75142.6
46	1e-015	1e-015	49981.3	75142.6
46.1	1e-015	1e-015	49981.3	75142.6
46.2	1e-015	1e-015	49981.3	75142.6
46.3	1e-015	1e-015	49981.3	75142.6
46.4	1e-015	1e-015	49981.3	75142.6
46.5	1e-015	1e-015	49981.3	75142.6
46.6	1e-015	1e-015	49981.3	75142.6
46.7	1e-015	1e-015	49981.3	75142.6
46.8	1e-015	1e-015	49981.3	75142.6
46.9	1e-015	1e-015	49981.3	75142.6
47	1e-015	1e-015	49981.3	75142.6
47.1	1e-015	1e-015	49981.3	75142.6
47.2	1e-015	1e-015	49981.3	75142.6
47.3	1e-015	1e-015	49981.3	75142.6
47.4	1e-015	1e-015	49981.3	75142.6
47.5	1e-015	1e-015	49981.3	75142.6
47.6	1e-015	1e-015	49981.3	75142.6
47.7	1e-015	1e-015	49981.3	75142.6
47.8	1e-015	1e-015	49981.3	75142.6
47.9	1e-015	1e-015	49981.3	75142.6
48	1e-015	1e-015	49981.3	75142.6


